c:\users\angel\source\repos\bomberman\bomberman\x64\debug\vc141.pdb
c:\users\angel\source\repos\bomberman\bomberman\x64\debug\vc141.idb
c:\users\angel\source\repos\bomberman\bomberman\x64\debug\bomberman.obj
d:\documents\github\bombermansdl\bomberman\x64\debug\vc141.pdb
d:\documents\github\bombermansdl\bomberman\x64\debug\vc141.idb
d:\documents\github\bombermansdl\bomberman\x64\debug\bomberman.obj
d:\documents\github\bombermansdl\bomberman\x64\debug\game.obj
d:\documents\github\bombermansdl\bomberman\x64\debug\player.obj
d:\documents\github\bombermansdl\bomberman\x64\debug\entity.obj
d:\documents\github\bombermansdl\bomberman\x64\debug\loader.obj
c:\users\angel\source\repos\bomberman\x64\debug\bomberman.exe
c:\users\angel\source\repos\bomberman\x64\debug\bomberman.ilk
c:\users\angel\source\repos\bomberman\x64\debug\bomberman.pdb
d:\documents\github\bombermansdl\x64\debug\bomberman.pdb
d:\documents\github\bombermansdl\bomberman\x64\debug\bomberman.tlog\cl.command.1.tlog
d:\documents\github\bombermansdl\bomberman\x64\debug\bomberman.tlog\cl.read.1.tlog
d:\documents\github\bombermansdl\bomberman\x64\debug\bomberman.tlog\cl.write.1.tlog
d:\documents\github\bombermansdl\bomberman\x64\debug\bomberman.tlog\link-cvtres.read.1.tlog
d:\documents\github\bombermansdl\bomberman\x64\debug\bomberman.tlog\link-cvtres.write.1.tlog
d:\documents\github\bombermansdl\bomberman\x64\debug\bomberman.tlog\link-rc.read.1.tlog
d:\documents\github\bombermansdl\bomberman\x64\debug\bomberman.tlog\link-rc.write.1.tlog
d:\documents\github\bombermansdl\bomberman\x64\debug\bomberman.tlog\link.9636-cvtres.read.1.tlog
d:\documents\github\bombermansdl\bomberman\x64\debug\bomberman.tlog\link.9636-cvtres.write.1.tlog
d:\documents\github\bombermansdl\bomberman\x64\debug\bomberman.tlog\link.9636-rc.read.1.tlog
d:\documents\github\bombermansdl\bomberman\x64\debug\bomberman.tlog\link.9636-rc.write.1.tlog
d:\documents\github\bombermansdl\bomberman\x64\debug\bomberman.tlog\link.9636.read.1.tlog
d:\documents\github\bombermansdl\bomberman\x64\debug\bomberman.tlog\link.9636.write.1.tlog
d:\documents\github\bombermansdl\bomberman\x64\debug\bomberman.tlog\link.command.1.tlog
d:\documents\github\bombermansdl\bomberman\x64\debug\bomberman.tlog\link.read.1.tlog
d:\documents\github\bombermansdl\bomberman\x64\debug\bomberman.tlog\link.write.1.tlog
